[debug] [2025-05-06T11:09:00.079Z] ----------------------------------------------------------------------
[debug] [2025-05-06T11:09:00.082Z] Command:       C:\Program Files\nodejs\node.exe C:\Users\youse\AppData\Roaming\npm\node_modules\firebase-tools\lib\bin\firebase.js init
[debug] [2025-05-06T11:09:00.083Z] CLI Version:   14.2.2
[debug] [2025-05-06T11:09:00.083Z] Platform:      win32
[debug] [2025-05-06T11:09:00.083Z] Node Version:  v22.14.0
[debug] [2025-05-06T11:09:00.084Z] Time:          Tue May 06 2025 13:09:00 GMT+0200 (sentraleuropeisk sommertid)
[debug] [2025-05-06T11:09:00.084Z] ----------------------------------------------------------------------
[debug] 
[debug] [2025-05-06T11:09:00.086Z] >>> [apiv2][query] GET https://firebase-public.firebaseio.com/cli.json [none]
[debug] [2025-05-06T11:09:00.142Z] > command requires scopes: ["email","openid","https://www.googleapis.com/auth/cloudplatformprojects.readonly","https://www.googleapis.com/auth/firebase","https://www.googleapis.com/auth/cloud-platform"]
[debug] [2025-05-06T11:09:00.142Z] > authorizing via signed-in user (aakken@cosevent.co)
[info] 
     ######## #### ########  ######## ########     ###     ######  ########
     ##        ##  ##     ## ##       ##     ##  ##   ##  ##       ##
     ######    ##  ########  ######   ########  #########  ######  ######
     ##        ##  ##    ##  ##       ##     ## ##     ##       ## ##
     ##       #### ##     ## ######## ########  ##     ##  ######  ########

You're about to initialize a Firebase project in this directory:

  C:\Users\youse\CosgearList\coseventwebsite

[debug] [2025-05-06T11:09:00.498Z] <<< [apiv2][status] GET https://firebase-public.firebaseio.com/cli.json 200
[debug] [2025-05-06T11:09:00.499Z] <<< [apiv2][body] GET https://firebase-public.firebaseio.com/cli.json {"cloudBuildErrorAfter":1594252800000,"cloudBuildWarnAfter":1590019200000,"defaultNode10After":1594252800000,"minVersion":"3.0.5","node8DeploysDisabledAfter":1613390400000,"node8RuntimeDisabledAfter":1615809600000,"node8WarnAfter":1600128000000}
